[1] "comparing Ripple"
[1] "comparing FOCS"
[1] "comparing Ernst"
Warning message:
NAs introduced by coercion 
[1] "comparing TargetFinder"
[1] "comparing JEME"
[1] "comparing IM_PET"
Warning message:
In dir.create(pth, recursive = T) :
  '../figures/systematic_conparison_updated/enrichment' already exists
null device 
          1 
[1] "comparing Ripple"
[1] "comparing FOCS"
[1] "comparing Ernst"
Warning message:
NAs introduced by coercion 
[1] "comparing TargetFinder"
[1] "comparing JEME"
[1] "comparing IM_PET"
Warning message:
In dir.create(pth, recursive = T) :
  '../figures/systematic_conparison_updated/enrichment' already exists
null device 
          1 
[1] "comparing Ripple"
[1] "comparing FOCS"
[1] "comparing Ernst"
Warning message:
NAs introduced by coercion 
[1] "comparing TargetFinder"
[1] "comparing JEME"
[1] "comparing IM_PET"
Warning message:
In dir.create(pth, recursive = T) :
  '../figures/systematic_conparison_updated/enrichment' already exists
null device 
          1 
[1] "comparing Ripple"
[1] "comparing FOCS"
[1] "comparing Ernst"
Warning message:
NAs introduced by coercion 
[1] "comparing TargetFinder"
[1] "comparing JEME"
[1] "comparing IM_PET"
Warning message:
In dir.create(pth, recursive = T) :
  '../figures/systematic_conparison_updated/enrichment' already exists
null device 
          1 
[1] "comparing Ripple"
[1] "comparing FOCS"
[1] "comparing Ernst"
Warning message:
NAs introduced by coercion 
[1] "comparing TargetFinder"
[1] "comparing JEME"
[1] "comparing IM_PET"
Warning message:
In dir.create(pth, recursive = T) :
  '../figures/systematic_conparison_updated/enrichment' already exists
null device 
          1 
[1] "comparing Ripple"
[1] "comparing FOCS"
[1] "comparing Ernst"
Warning message:
NAs introduced by coercion 
[1] "comparing TargetFinder"
[1] "comparing JEME"
[1] "comparing IM_PET"
Warning message:
In dir.create(pth, recursive = T) :
  '../figures/systematic_conparison_updated/enrichment' already exists
null device 
          1 
[1] "comparing Ripple"
[1] "comparing FOCS"
[1] "comparing Ernst"
Warning message:
NAs introduced by coercion 
[1] "comparing TargetFinder"
[1] "comparing JEME"
[1] "comparing IM_PET"
Warning message:
In dir.create(pth, recursive = T) :
  '../figures/systematic_conparison_updated/enrichment' already exists
null device 
          1 
[1] "comparing Ripple"
[1] "comparing FOCS"
[1] "comparing Ernst"
Warning message:
NAs introduced by coercion 
[1] "comparing TargetFinder"
[1] "comparing JEME"
[1] "comparing IM_PET"
Warning message:
In dir.create(pth, recursive = T) :
  '../figures/systematic_conparison_updated/enrichment' already exists
null device 
          1 
[1] "comparing Ripple"
[1] "comparing FOCS"
[1] "comparing Ernst"
Warning message:
NAs introduced by coercion 
[1] "comparing TargetFinder"
[1] "comparing JEME"
[1] "comparing IM_PET"
Warning message:
In dir.create(pth, recursive = T) :
  '../figures/systematic_conparison_updated/enrichment' already exists
null device 
          1 
[1] "comparing Ripple"
[1] "comparing FOCS"
[1] "comparing Ernst"
Warning message:
NAs introduced by coercion 
[1] "comparing TargetFinder"
[1] "comparing JEME"
[1] "comparing IM_PET"
Warning message:
In dir.create(pth, recursive = T) :
  '../figures/systematic_conparison_updated/enrichment' already exists
null device 
          1 
JobId=58644317 JobName=generate_figure
   UserId=wangha73(918265) GroupId=cmse(2362) MCS_label=N/A
   Priority=56864 Nice=0 Account=wang-krishnan QOS=normal
   JobState=RUNNING Reason=None Dependency=(null)
   Requeue=1 Restarts=0 BatchFlag=1 Reboot=0 ExitCode=0:0
   RunTime=07:12:03 TimeLimit=12:00:00 TimeMin=N/A
   SubmitTime=2020-03-26T14:04:33 EligibleTime=2020-03-26T14:04:33
   AccrueTime=2020-03-26T14:04:33
   StartTime=2020-03-26T14:04:36 EndTime=2020-03-27T02:04:36 Deadline=N/A
   SuspendTime=None SecsPreSuspend=0 LastSchedEval=2020-03-26T14:04:36
   Partition=wang-krishnan AllocNode:Sid=dev-intel16.i:17475
   ReqNodeList=(null) ExcNodeList=(null)
   NodeList=css-009
   BatchHost=css-009
   NumNodes=1 NumCPUs=1 NumTasks=1 CPUs/Task=1 ReqB:S:C:T=0:0:*:*
   TRES=cpu=1,mem=20G,node=1,billing=3112
   Socks/Node=* NtasksPerN:B:S:C=0:0:*:* CoreSpec=*
   MinCPUsNode=1 MinMemoryNode=20G MinTmpDiskNode=0
   Features=[intel14|intel16|intel18] DelayBoot=00:00:00
   OverSubscribe=OK Contiguous=0 Licenses=(null) Network=(null)
   Command=/mnt/gs18/scratch/users/wangha73/ENCODE_ROADMAP_127/code/plot_all_enrichment_0325.sb
   WorkDir=/mnt/gs18/scratch/users/wangha73/ENCODE_ROADMAP_127/code
   Comment=stdout=/mnt/gs18/scratch/users/wangha73/ENCODE_ROADMAP_127/code/slurm-58644315.out 
   StdErr=/mnt/gs18/scratch/users/wangha73/ENCODE_ROADMAP_127/code/slurm-58644317.out
   StdIn=/dev/null
   StdOut=/mnt/gs18/scratch/users/wangha73/ENCODE_ROADMAP_127/code/slurm-58644317.out
   Power=

